<?xml version="1.0" encoding="UTF-8"?>
<!-- Generated by org.testng.reporters.JUnitXMLReporter -->
<testsuite ignored="2" hostname="nblap283" failures="0" tests="2" name="Test" time="27.921" errors="0" timestamp="02 Jun 2023 12:00:36 GMT">
  <testcase classname="resources.TestScript" name="test" time="10.805"/>
  <testcase classname="AutomationPractice.SwagLabsAutomationPractice.CheckoutOverviewpage" name="testMethod" time="0.0"/>
  <testcase classname="AutomationPractice.SwagLabsAutomationPractice.CheckoutOverviewpage" name="getTAmount" time="0.0">
    <ignored/>
  </testcase> <!-- getTAmount -->
  <testcase classname="AutomationPractice.SwagLabsAutomationPractice.CheckoutCompletepage" name="retriveSuccessmessage" time="0.0">
    <ignored/>
  </testcase> <!-- retriveSuccessmessage -->
</testsuite> <!-- Test -->
