<?xml version="1.0" encoding="UTF-8"?>
<!-- Generated by org.testng.reporters.JUnitXMLReporter -->
<testsuite ignored="2" hostname="nblap283" failures="0" tests="1" name="Test" time="14.531" errors="0" timestamp="02 Jun 2023 09:56:21 GMT">
  <testcase classname="resources.TestScript" name="test" time="10.771"/>
  <testcase classname="AutomationPractice.SwagLabsAutomationPractice.CheckoutOverviewpage" name="testMethod" time="0.0">
    <ignored/>
  </testcase> <!-- testMethod -->
  <testcase classname="AutomationPractice.SwagLabsAutomationPractice.CheckoutCompletepage" name="retriveSuccessmessage" time="0.0">
    <ignored/>
  </testcase> <!-- retriveSuccessmessage -->
</testsuite> <!-- Test -->
