<?xml version="1.0" encoding="UTF-8"?>
<testng-results ignored="0" total="1" passed="1" failed="0" skipped="0">
  <reporter-output>
  </reporter-output>
  <suite started-at="2023-05-31T06:57:54Z" name="Suite" finished-at="2023-05-31T06:58:20Z" duration-ms="26139">
    <groups>
    </groups>
    <test started-at="2023-05-31T06:57:54Z" name="Test" finished-at="2023-05-31T06:58:20Z" duration-ms="26139">
      <class name="resources.TestScript">
        <test-method is-config="true" signature="OpenBrowser()[pri:0, instance:resources.TestScript@59e32960]" started-at="2023-05-31T12:27:54Z" name="OpenBrowser" finished-at="2023-05-31T12:28:19Z" duration-ms="24978" status="PASS">
          <reporter-output>
          </reporter-output>
        </test-method> <!-- OpenBrowser -->
        <test-method is-config="true" signature="Login()[pri:0, instance:resources.TestScript@59e32960]" started-at="2023-05-31T12:28:19Z" name="Login" finished-at="2023-05-31T12:28:19Z" duration-ms="327" status="PASS">
          <reporter-output>
          </reporter-output>
        </test-method> <!-- Login -->
        <test-method signature="test()[pri:0, instance:resources.TestScript@59e32960]" started-at="2023-05-31T12:28:19Z" name="test" finished-at="2023-05-31T12:28:20Z" duration-ms="817" status="PASS">
          <reporter-output>
          </reporter-output>
        </test-method> <!-- test -->
      </class> <!-- resources.TestScript -->
    </test> <!-- Test -->
  </suite> <!-- Suite -->
</testng-results>
