<?xml version="1.0" encoding="UTF-8"?>
<testng-results ignored="2" total="4" passed="2" failed="0" skipped="0">
  <reporter-output>
  </reporter-output>
  <suite started-at="2023-06-02T12:00:08Z" name="Suite" finished-at="2023-06-02T12:00:36Z" duration-ms="27921">
    <groups>
    </groups>
    <test started-at="2023-06-02T12:00:08Z" name="Test" finished-at="2023-06-02T12:00:36Z" duration-ms="27921">
      <class name="resources.TestScript">
        <test-method is-config="true" signature="OpenBrowser()[pri:0, instance:resources.TestScript@485a3466]" started-at="2023-06-02T17:30:08Z" name="OpenBrowser" finished-at="2023-06-02T17:30:25Z" duration-ms="16794" status="PASS">
          <reporter-output>
          </reporter-output>
        </test-method> <!-- OpenBrowser -->
        <test-method is-config="true" signature="Login()[pri:0, instance:resources.TestScript@485a3466]" started-at="2023-06-02T17:30:25Z" name="Login" finished-at="2023-06-02T17:30:25Z" duration-ms="303" status="PASS">
          <reporter-output>
          </reporter-output>
        </test-method> <!-- Login -->
        <test-method signature="test()[pri:0, instance:resources.TestScript@485a3466]" started-at="2023-06-02T17:30:25Z" name="test" finished-at="2023-06-02T17:30:36Z" duration-ms="10805" status="PASS">
          <reporter-output>
          </reporter-output>
        </test-method> <!-- test -->
      </class> <!-- resources.TestScript -->
      <class name="AutomationPractice.SwagLabsAutomationPractice.CheckoutOverviewpage">
        <test-method signature="testMethod()[pri:0, instance:AutomationPractice.SwagLabsAutomationPractice.CheckoutOverviewpage@2b43529a]" started-at="2023-06-02T17:30:36Z" name="testMethod" finished-at="2023-06-02T17:30:36Z" duration-ms="0" status="PASS">
          <reporter-output>
          </reporter-output>
        </test-method> <!-- testMethod -->
      </class> <!-- AutomationPractice.SwagLabsAutomationPractice.CheckoutOverviewpage -->
    </test> <!-- Test -->
  </suite> <!-- Suite -->
</testng-results>
